c:\users\game\documents\projects\mvd-scriptingtools\visual_studio\x64\release\vc141.pdb
c:\users\game\documents\projects\mvd-scriptingtools\visual_studio\x64\release\shader.obj
c:\users\game\documents\projects\mvd-scriptingtools\visual_studio\x64\release\scriptsystem.obj
c:\users\game\documents\projects\mvd-scriptingtools\visual_studio\x64\release\rendertotexture.obj
c:\users\game\documents\projects\mvd-scriptingtools\visual_studio\x64\release\parsers.obj
c:\users\game\documents\projects\mvd-scriptingtools\visual_studio\x64\release\main.obj
c:\users\game\documents\projects\mvd-scriptingtools\visual_studio\x64\release\linmath.obj
c:\users\game\documents\projects\mvd-scriptingtools\visual_studio\x64\release\imgui_widgets.obj
c:\users\game\documents\projects\mvd-scriptingtools\visual_studio\x64\release\imgui_impl_opengl3.obj
c:\users\game\documents\projects\mvd-scriptingtools\visual_studio\x64\release\imgui_impl_glfw.obj
c:\users\game\documents\projects\mvd-scriptingtools\visual_studio\x64\release\imgui_draw.obj
c:\users\game\documents\projects\mvd-scriptingtools\visual_studio\x64\release\imgui.obj
c:\users\game\documents\projects\mvd-scriptingtools\visual_studio\x64\release\guisystem.obj
c:\users\game\documents\projects\mvd-scriptingtools\visual_studio\x64\release\controlsystem.obj
c:\users\game\documents\projects\mvd-scriptingtools\visual_studio\x64\release\graphicssystem.obj
c:\users\game\documents\projects\mvd-scriptingtools\visual_studio\x64\release\game.obj
c:\users\game\documents\projects\mvd-scriptingtools\visual_studio\x64\release\debugsystem.obj
c:\users\game\documents\projects\mvd-scriptingtools\visual_studio\x64\release\comp_tag.obj
c:\users\game\documents\projects\mvd-scriptingtools\visual_studio\x64\release\comp_rotator.obj
c:\users\game\documents\projects\mvd-scriptingtools\visual_studio\x64\release\components.obj
c:\users\game\documents\projects\mvd-scriptingtools\visual_studio\x64\release\collisionsystem.obj
c:\users\game\documents\projects\mvd-scriptingtools\visual_studio\x64\release\editorutils.obj
c:\users\game\documents\projects\mvd-scriptingtools\visual_studio\x64\release\editorsystem.obj
c:\users\game\documents\projects\mvd-scriptingtools\visual_studio\x64\release\editorgraphmodule.obj
c:\users\game\documents\projects\mvd-scriptingtools\visual_studio\x64\release\consolemodule.obj
c:\users\game\documents\projects\mvd-scriptingtools\mvd_engine_tools.exe
c:\users\game\documents\projects\mvd-scriptingtools\mvd_engine_tools.pdb
c:\users\game\documents\projects\mvd-scriptingtools\mvd_engine_tools.ipdb
c:\users\game\documents\projects\mvd-scriptingtools\mvd_engine_tools.iobj
c:\users\game\documents\projects\mvd-scriptingtools\visual_studio\..\mvd_engine_tools.exe
c:\users\game\documents\projects\mvd-scriptingtools\visual_studio\x64\release\mvd_engine_tools.tlog\cl.command.1.tlog
c:\users\game\documents\projects\mvd-scriptingtools\visual_studio\x64\release\mvd_engine_tools.tlog\cl.read.1.tlog
c:\users\game\documents\projects\mvd-scriptingtools\visual_studio\x64\release\mvd_engine_tools.tlog\cl.write.1.tlog
c:\users\game\documents\projects\mvd-scriptingtools\visual_studio\x64\release\mvd_engine_tools.tlog\link.command.1.tlog
c:\users\game\documents\projects\mvd-scriptingtools\visual_studio\x64\release\mvd_engine_tools.tlog\link.read.1.tlog
c:\users\game\documents\projects\mvd-scriptingtools\visual_studio\x64\release\mvd_engine_tools.tlog\link.write.1.tlog
c:\users\game\documents\projects\mvd-scriptingtools\visual_studio\x64\release\mvd_engine_tools.tlog\mvd_engine_tools.write.1u.tlog
